
*** Running vivado
    with args -log design_1_wrapper.vds -m64 -product Vivado -mode batch -messageDb vivado.pb -notrace -source design_1_wrapper.tcl


****** Vivado v2018.3 (64-bit)
  **** SW Build 2405991 on Thu Dec  6 23:38:27 MST 2018
  **** IP Build 2404404 on Fri Dec  7 01:43:56 MST 2018
    ** Copyright 1986-2018 Xilinx, Inc. All Rights Reserved.

source design_1_wrapper.tcl -notrace
INFO: [IP_Flow 19-234] Refreshing IP repositories
INFO: [IP_Flow 19-1700] Loaded user IP repository 'c:/Users/khazi/projects/ip_repo'.
INFO: [IP_Flow 19-2313] Loaded Vivado IP repository 'C:/Xilinx/Vivado/2018.3/data/ip'.
update_ip_catalog: Time (s): cpu = 00:00:04 ; elapsed = 00:00:05 . Memory (MB): peak = 351.215 ; gain = 31.461
Command: synth_design -top design_1_wrapper -part xczu9eg-ffvb1156-2-e
Starting synth_design
Attempting to get a license for feature 'Synthesis' and/or device 'xczu9eg'
INFO: [Common 17-349] Got license for feature 'Synthesis' and/or device 'xczu9eg'
INFO: Launching helper process for spawning children vivado processes
INFO: Helper process launched with PID 12736 
---------------------------------------------------------------------------------
Starting RTL Elaboration : Time (s): cpu = 00:00:02 ; elapsed = 00:00:03 . Memory (MB): peak = 490.453 ; gain = 102.535
---------------------------------------------------------------------------------
INFO: [Synth 8-638] synthesizing module 'design_1_wrapper' [C:/Users/khazi/projects/AXI_Multiply/AXI_Multiply.srcs/sources_1/bd/design_1/hdl/design_1_wrapper.vhd:20]
INFO: [Synth 8-3491] module 'design_1' declared at 'C:/Users/khazi/projects/AXI_Multiply/AXI_Multiply.srcs/sources_1/bd/design_1/synth/design_1.vhd:1764' bound to instance 'design_1_i' of component 'design_1' [C:/Users/khazi/projects/AXI_Multiply/AXI_Multiply.srcs/sources_1/bd/design_1/hdl/design_1_wrapper.vhd:27]
INFO: [Synth 8-638] synthesizing module 'design_1' [C:/Users/khazi/projects/AXI_Multiply/AXI_Multiply.srcs/sources_1/bd/design_1/synth/design_1.vhd:1774]
INFO: [Synth 8-3491] module 'design_1_multiply_2bit_0_0' declared at 'C:/Users/khazi/projects/AXI_Multiply/AXI_Multiply.runs/synth_1/.Xil/Vivado-10400-ess-bajor/realtime/design_1_multiply_2bit_0_0_stub.vhdl:5' bound to instance 'multiply_2bit_0' of component 'design_1_multiply_2bit_0_0' [C:/Users/khazi/projects/AXI_Multiply/AXI_Multiply.srcs/sources_1/bd/design_1/synth/design_1.vhd:2010]
INFO: [Synth 8-638] synthesizing module 'design_1_multiply_2bit_0_0' [C:/Users/khazi/projects/AXI_Multiply/AXI_Multiply.runs/synth_1/.Xil/Vivado-10400-ess-bajor/realtime/design_1_multiply_2bit_0_0_stub.vhdl:32]
INFO: [Synth 8-638] synthesizing module 'design_1_ps8_0_axi_periph_0' [C:/Users/khazi/projects/AXI_Multiply/AXI_Multiply.srcs/sources_1/bd/design_1/synth/design_1.vhd:1233]
INFO: [Synth 8-638] synthesizing module 'm00_couplers_imp_QJIMLI' [C:/Users/khazi/projects/AXI_Multiply/AXI_Multiply.srcs/sources_1/bd/design_1/synth/design_1.vhd:61]
INFO: [Synth 8-256] done synthesizing module 'm00_couplers_imp_QJIMLI' (1#1) [C:/Users/khazi/projects/AXI_Multiply/AXI_Multiply.srcs/sources_1/bd/design_1/synth/design_1.vhd:61]
INFO: [Synth 8-638] synthesizing module 's00_couplers_imp_1A7ZMW4' [C:/Users/khazi/projects/AXI_Multiply/AXI_Multiply.srcs/sources_1/bd/design_1/synth/design_1.vhd:190]
INFO: [Synth 8-3491] module 'design_1_auto_ds_0' declared at 'C:/Users/khazi/projects/AXI_Multiply/AXI_Multiply.runs/synth_1/.Xil/Vivado-10400-ess-bajor/realtime/design_1_auto_ds_0_stub.vhdl:5' bound to instance 'auto_ds' of component 'design_1_auto_ds_0' [C:/Users/khazi/projects/AXI_Multiply/AXI_Multiply.srcs/sources_1/bd/design_1/synth/design_1.vhd:483]
INFO: [Synth 8-638] synthesizing module 'design_1_auto_ds_0' [C:/Users/khazi/projects/AXI_Multiply/AXI_Multiply.runs/synth_1/.Xil/Vivado-10400-ess-bajor/realtime/design_1_auto_ds_0_stub.vhdl:87]
INFO: [Synth 8-3491] module 'design_1_auto_pc_0' declared at 'C:/Users/khazi/projects/AXI_Multiply/AXI_Multiply.runs/synth_1/.Xil/Vivado-10400-ess-bajor/realtime/design_1_auto_pc_0_stub.vhdl:5' bound to instance 'auto_pc' of component 'design_1_auto_pc_0' [C:/Users/khazi/projects/AXI_Multiply/AXI_Multiply.srcs/sources_1/bd/design_1/synth/design_1.vhd:562]
INFO: [Synth 8-638] synthesizing module 'design_1_auto_pc_0' [C:/Users/khazi/projects/AXI_Multiply/AXI_Multiply.runs/synth_1/.Xil/Vivado-10400-ess-bajor/realtime/design_1_auto_pc_0_stub.vhdl:67]
INFO: [Synth 8-256] done synthesizing module 's00_couplers_imp_1A7ZMW4' (2#1) [C:/Users/khazi/projects/AXI_Multiply/AXI_Multiply.srcs/sources_1/bd/design_1/synth/design_1.vhd:190]
INFO: [Synth 8-638] synthesizing module 's01_couplers_imp_KGUFR9' [C:/Users/khazi/projects/AXI_Multiply/AXI_Multiply.srcs/sources_1/bd/design_1/synth/design_1.vhd:691]
INFO: [Synth 8-3491] module 'design_1_auto_ds_1' declared at 'C:/Users/khazi/projects/AXI_Multiply/AXI_Multiply.runs/synth_1/.Xil/Vivado-10400-ess-bajor/realtime/design_1_auto_ds_1_stub.vhdl:5' bound to instance 'auto_ds' of component 'design_1_auto_ds_1' [C:/Users/khazi/projects/AXI_Multiply/AXI_Multiply.srcs/sources_1/bd/design_1/synth/design_1.vhd:984]
INFO: [Synth 8-638] synthesizing module 'design_1_auto_ds_1' [C:/Users/khazi/projects/AXI_Multiply/AXI_Multiply.runs/synth_1/.Xil/Vivado-10400-ess-bajor/realtime/design_1_auto_ds_1_stub.vhdl:87]
INFO: [Synth 8-3491] module 'design_1_auto_pc_1' declared at 'C:/Users/khazi/projects/AXI_Multiply/AXI_Multiply.runs/synth_1/.Xil/Vivado-10400-ess-bajor/realtime/design_1_auto_pc_1_stub.vhdl:5' bound to instance 'auto_pc' of component 'design_1_auto_pc_1' [C:/Users/khazi/projects/AXI_Multiply/AXI_Multiply.srcs/sources_1/bd/design_1/synth/design_1.vhd:1063]
INFO: [Synth 8-638] synthesizing module 'design_1_auto_pc_1' [C:/Users/khazi/projects/AXI_Multiply/AXI_Multiply.runs/synth_1/.Xil/Vivado-10400-ess-bajor/realtime/design_1_auto_pc_1_stub.vhdl:67]
INFO: [Synth 8-256] done synthesizing module 's01_couplers_imp_KGUFR9' (3#1) [C:/Users/khazi/projects/AXI_Multiply/AXI_Multiply.srcs/sources_1/bd/design_1/synth/design_1.vhd:691]
INFO: [Synth 8-3491] module 'design_1_xbar_0' declared at 'C:/Users/khazi/projects/AXI_Multiply/AXI_Multiply.runs/synth_1/.Xil/Vivado-10400-ess-bajor/realtime/design_1_xbar_0_stub.vhdl:5' bound to instance 'xbar' of component 'design_1_xbar_0' [C:/Users/khazi/projects/AXI_Multiply/AXI_Multiply.srcs/sources_1/bd/design_1/synth/design_1.vhd:1697]
INFO: [Synth 8-638] synthesizing module 'design_1_xbar_0' [C:/Users/khazi/projects/AXI_Multiply/AXI_Multiply.runs/synth_1/.Xil/Vivado-10400-ess-bajor/realtime/design_1_xbar_0_stub.vhdl:51]
INFO: [Synth 8-256] done synthesizing module 'design_1_ps8_0_axi_periph_0' (4#1) [C:/Users/khazi/projects/AXI_Multiply/AXI_Multiply.srcs/sources_1/bd/design_1/synth/design_1.vhd:1233]
INFO: [Synth 8-3491] module 'design_1_rst_ps8_0_99M_0' declared at 'C:/Users/khazi/projects/AXI_Multiply/AXI_Multiply.runs/synth_1/.Xil/Vivado-10400-ess-bajor/realtime/design_1_rst_ps8_0_99M_0_stub.vhdl:5' bound to instance 'rst_ps8_0_99M' of component 'design_1_rst_ps8_0_99M_0' [C:/Users/khazi/projects/AXI_Multiply/AXI_Multiply.srcs/sources_1/bd/design_1/synth/design_1.vhd:2138]
INFO: [Synth 8-638] synthesizing module 'design_1_rst_ps8_0_99M_0' [C:/Users/khazi/projects/AXI_Multiply/AXI_Multiply.runs/synth_1/.Xil/Vivado-10400-ess-bajor/realtime/design_1_rst_ps8_0_99M_0_stub.vhdl:21]
INFO: [Synth 8-3491] module 'design_1_zynq_ultra_ps_e_0_1' declared at 'C:/Users/khazi/projects/AXI_Multiply/AXI_Multiply.runs/synth_1/.Xil/Vivado-10400-ess-bajor/realtime/design_1_zynq_ultra_ps_e_0_1_stub.vhdl:5' bound to instance 'zynq_ultra_ps_e_0' of component 'design_1_zynq_ultra_ps_e_0_1' [C:/Users/khazi/projects/AXI_Multiply/AXI_Multiply.srcs/sources_1/bd/design_1/synth/design_1.vhd:2151]
INFO: [Synth 8-638] synthesizing module 'design_1_zynq_ultra_ps_e_0_1' [C:/Users/khazi/projects/AXI_Multiply/AXI_Multiply.runs/synth_1/.Xil/Vivado-10400-ess-bajor/realtime/design_1_zynq_ultra_ps_e_0_1_stub.vhdl:93]
INFO: [Synth 8-256] done synthesizing module 'design_1' (5#1) [C:/Users/khazi/projects/AXI_Multiply/AXI_Multiply.srcs/sources_1/bd/design_1/synth/design_1.vhd:1774]
INFO: [Synth 8-256] done synthesizing module 'design_1_wrapper' (6#1) [C:/Users/khazi/projects/AXI_Multiply/AXI_Multiply.srcs/sources_1/bd/design_1/hdl/design_1_wrapper.vhd:20]
WARNING: [Synth 8-3331] design s01_couplers_imp_KGUFR9 has unconnected port M_ACLK
WARNING: [Synth 8-3331] design s01_couplers_imp_KGUFR9 has unconnected port M_ARESETN
WARNING: [Synth 8-3331] design s00_couplers_imp_1A7ZMW4 has unconnected port M_ACLK
WARNING: [Synth 8-3331] design s00_couplers_imp_1A7ZMW4 has unconnected port M_ARESETN
WARNING: [Synth 8-3331] design m00_couplers_imp_QJIMLI has unconnected port M_ACLK
WARNING: [Synth 8-3331] design m00_couplers_imp_QJIMLI has unconnected port M_ARESETN
WARNING: [Synth 8-3331] design m00_couplers_imp_QJIMLI has unconnected port S_ACLK
WARNING: [Synth 8-3331] design m00_couplers_imp_QJIMLI has unconnected port S_ARESETN
WARNING: [Synth 8-3331] design design_1_ps8_0_axi_periph_0 has unconnected port M00_ACLK
WARNING: [Synth 8-3331] design design_1_ps8_0_axi_periph_0 has unconnected port M00_ARESETN
WARNING: [Synth 8-3331] design design_1_ps8_0_axi_periph_0 has unconnected port S00_ACLK
WARNING: [Synth 8-3331] design design_1_ps8_0_axi_periph_0 has unconnected port S00_ARESETN
WARNING: [Synth 8-3331] design design_1_ps8_0_axi_periph_0 has unconnected port S01_ACLK
WARNING: [Synth 8-3331] design design_1_ps8_0_axi_periph_0 has unconnected port S01_ARESETN
---------------------------------------------------------------------------------
Finished RTL Elaboration : Time (s): cpu = 00:00:04 ; elapsed = 00:00:04 . Memory (MB): peak = 549.488 ; gain = 161.570
---------------------------------------------------------------------------------

Report Check Netlist: 
+------+------------------+-------+---------+-------+------------------+
|      |Item              |Errors |Warnings |Status |Description       |
+------+------------------+-------+---------+-------+------------------+
|1     |multi_driven_nets |      0|        0|Passed |Multi driven nets |
+------+------------------+-------+---------+-------+------------------+
---------------------------------------------------------------------------------
Start Handling Custom Attributes
---------------------------------------------------------------------------------
---------------------------------------------------------------------------------
Finished Handling Custom Attributes : Time (s): cpu = 00:00:04 ; elapsed = 00:00:04 . Memory (MB): peak = 549.488 ; gain = 161.570
---------------------------------------------------------------------------------
---------------------------------------------------------------------------------
Finished RTL Optimization Phase 1 : Time (s): cpu = 00:00:04 ; elapsed = 00:00:04 . Memory (MB): peak = 549.488 ; gain = 161.570
---------------------------------------------------------------------------------
INFO: [Device 21-403] Loading part xczu9eg-ffvb1156-2-e
INFO: [Project 1-570] Preparing netlist for logic optimization

Processing XDC Constraints
Initializing timing engine
Parsing XDC File [c:/Users/khazi/projects/AXI_Multiply/AXI_Multiply.srcs/sources_1/bd/design_1/ip/design_1_zynq_ultra_ps_e_0_1/design_1_zynq_ultra_ps_e_0_1/design_1_zynq_ultra_ps_e_0_1_in_context.xdc] for cell 'design_1_i/zynq_ultra_ps_e_0'
Finished Parsing XDC File [c:/Users/khazi/projects/AXI_Multiply/AXI_Multiply.srcs/sources_1/bd/design_1/ip/design_1_zynq_ultra_ps_e_0_1/design_1_zynq_ultra_ps_e_0_1/design_1_zynq_ultra_ps_e_0_1_in_context.xdc] for cell 'design_1_i/zynq_ultra_ps_e_0'
Parsing XDC File [c:/Users/khazi/projects/AXI_Multiply/AXI_Multiply.srcs/sources_1/bd/design_1/ip/design_1_multiply_2bit_0_0/design_1_multiply_2bit_0_0/design_1_multiply_2bit_0_0_in_context.xdc] for cell 'design_1_i/multiply_2bit_0'
Finished Parsing XDC File [c:/Users/khazi/projects/AXI_Multiply/AXI_Multiply.srcs/sources_1/bd/design_1/ip/design_1_multiply_2bit_0_0/design_1_multiply_2bit_0_0/design_1_multiply_2bit_0_0_in_context.xdc] for cell 'design_1_i/multiply_2bit_0'
Parsing XDC File [c:/Users/khazi/projects/AXI_Multiply/AXI_Multiply.srcs/sources_1/bd/design_1/ip/design_1_xbar_0/design_1_xbar_0/design_1_xbar_0_in_context.xdc] for cell 'design_1_i/ps8_0_axi_periph/xbar'
Finished Parsing XDC File [c:/Users/khazi/projects/AXI_Multiply/AXI_Multiply.srcs/sources_1/bd/design_1/ip/design_1_xbar_0/design_1_xbar_0/design_1_xbar_0_in_context.xdc] for cell 'design_1_i/ps8_0_axi_periph/xbar'
Parsing XDC File [c:/Users/khazi/projects/AXI_Multiply/AXI_Multiply.srcs/sources_1/bd/design_1/ip/design_1_auto_ds_0/design_1_auto_ds_0/design_1_auto_ds_0_in_context.xdc] for cell 'design_1_i/ps8_0_axi_periph/s00_couplers/auto_ds'
Finished Parsing XDC File [c:/Users/khazi/projects/AXI_Multiply/AXI_Multiply.srcs/sources_1/bd/design_1/ip/design_1_auto_ds_0/design_1_auto_ds_0/design_1_auto_ds_0_in_context.xdc] for cell 'design_1_i/ps8_0_axi_periph/s00_couplers/auto_ds'
Parsing XDC File [c:/Users/khazi/projects/AXI_Multiply/AXI_Multiply.srcs/sources_1/bd/design_1/ip/design_1_auto_pc_0/design_1_auto_pc_0/design_1_auto_pc_0_in_context.xdc] for cell 'design_1_i/ps8_0_axi_periph/s00_couplers/auto_pc'
Finished Parsing XDC File [c:/Users/khazi/projects/AXI_Multiply/AXI_Multiply.srcs/sources_1/bd/design_1/ip/design_1_auto_pc_0/design_1_auto_pc_0/design_1_auto_pc_0_in_context.xdc] for cell 'design_1_i/ps8_0_axi_periph/s00_couplers/auto_pc'
Parsing XDC File [c:/Users/khazi/projects/AXI_Multiply/AXI_Multiply.srcs/sources_1/bd/design_1/ip/design_1_auto_ds_1/design_1_auto_ds_1/design_1_auto_ds_0_in_context.xdc] for cell 'design_1_i/ps8_0_axi_periph/s01_couplers/auto_ds'
Finished Parsing XDC File [c:/Users/khazi/projects/AXI_Multiply/AXI_Multiply.srcs/sources_1/bd/design_1/ip/design_1_auto_ds_1/design_1_auto_ds_1/design_1_auto_ds_0_in_context.xdc] for cell 'design_1_i/ps8_0_axi_periph/s01_couplers/auto_ds'
Parsing XDC File [c:/Users/khazi/projects/AXI_Multiply/AXI_Multiply.srcs/sources_1/bd/design_1/ip/design_1_auto_pc_1/design_1_auto_pc_1/design_1_auto_pc_0_in_context.xdc] for cell 'design_1_i/ps8_0_axi_periph/s01_couplers/auto_pc'
Finished Parsing XDC File [c:/Users/khazi/projects/AXI_Multiply/AXI_Multiply.srcs/sources_1/bd/design_1/ip/design_1_auto_pc_1/design_1_auto_pc_1/design_1_auto_pc_0_in_context.xdc] for cell 'design_1_i/ps8_0_axi_periph/s01_couplers/auto_pc'
Parsing XDC File [c:/Users/khazi/projects/AXI_Multiply/AXI_Multiply.srcs/sources_1/bd/design_1/ip/design_1_rst_ps8_0_99M_0/design_1_rst_ps8_0_99M_0/design_1_rst_ps8_0_99M_0_in_context.xdc] for cell 'design_1_i/rst_ps8_0_99M'
Finished Parsing XDC File [c:/Users/khazi/projects/AXI_Multiply/AXI_Multiply.srcs/sources_1/bd/design_1/ip/design_1_rst_ps8_0_99M_0/design_1_rst_ps8_0_99M_0/design_1_rst_ps8_0_99M_0_in_context.xdc] for cell 'design_1_i/rst_ps8_0_99M'
Parsing XDC File [C:/Users/khazi/projects/AXI_Multiply/AXI_Multiply.runs/synth_1/dont_touch.xdc]
Finished Parsing XDC File [C:/Users/khazi/projects/AXI_Multiply/AXI_Multiply.runs/synth_1/dont_touch.xdc]
Completed Processing XDC Constraints

Netlist sorting complete. Time (s): cpu = 00:00:00 ; elapsed = 00:00:00 . Memory (MB): peak = 1544.480 ; gain = 0.000
INFO: [Project 1-111] Unisim Transformation Summary:
No Unisim elements were transformed.

Netlist sorting complete. Time (s): cpu = 00:00:00 ; elapsed = 00:00:00 . Memory (MB): peak = 1544.480 ; gain = 0.000
Constraint Validation Runtime : Time (s): cpu = 00:00:00 ; elapsed = 00:00:00.043 . Memory (MB): peak = 1544.480 ; gain = 0.000
---------------------------------------------------------------------------------
Finished Constraint Validation : Time (s): cpu = 00:00:16 ; elapsed = 00:00:20 . Memory (MB): peak = 1544.480 ; gain = 1156.563
---------------------------------------------------------------------------------
---------------------------------------------------------------------------------
Start Loading Part and Timing Information
---------------------------------------------------------------------------------
Loading part: xczu9eg-ffvb1156-2-e
INFO: [Synth 8-6742] Reading net delay rules and data
---------------------------------------------------------------------------------
Finished Loading Part and Timing Information : Time (s): cpu = 00:00:16 ; elapsed = 00:00:20 . Memory (MB): peak = 1544.480 ; gain = 1156.563
---------------------------------------------------------------------------------
---------------------------------------------------------------------------------
Start Applying 'set_property' XDC Constraints
---------------------------------------------------------------------------------
Applied set_property DONT_TOUCH = true for design_1_i. (constraint file  auto generated constraint, line ).
Applied set_property DONT_TOUCH = true for design_1_i/zynq_ultra_ps_e_0. (constraint file  auto generated constraint, line ).
Applied set_property DONT_TOUCH = true for design_1_i/multiply_2bit_0. (constraint file  auto generated constraint, line ).
Applied set_property DONT_TOUCH = true for design_1_i/ps8_0_axi_periph/xbar. (constraint file  auto generated constraint, line ).
Applied set_property DONT_TOUCH = true for design_1_i/ps8_0_axi_periph/s00_couplers/auto_ds. (constraint file  auto generated constraint, line ).
Applied set_property DONT_TOUCH = true for design_1_i/ps8_0_axi_periph/s00_couplers/auto_pc. (constraint file  auto generated constraint, line ).
Applied set_property DONT_TOUCH = true for design_1_i/ps8_0_axi_periph/s01_couplers/auto_ds. (constraint file  auto generated constraint, line ).
Applied set_property DONT_TOUCH = true for design_1_i/ps8_0_axi_periph/s01_couplers/auto_pc. (constraint file  auto generated constraint, line ).
Applied set_property DONT_TOUCH = true for design_1_i/ps8_0_axi_periph. (constraint file  auto generated constraint, line ).
Applied set_property DONT_TOUCH = true for design_1_i/rst_ps8_0_99M. (constraint file  auto generated constraint, line ).
---------------------------------------------------------------------------------
Finished applying 'set_property' XDC Constraints : Time (s): cpu = 00:00:16 ; elapsed = 00:00:20 . Memory (MB): peak = 1544.480 ; gain = 1156.563
---------------------------------------------------------------------------------
---------------------------------------------------------------------------------
Finished RTL Optimization Phase 2 : Time (s): cpu = 00:00:16 ; elapsed = 00:00:20 . Memory (MB): peak = 1544.480 ; gain = 1156.563
---------------------------------------------------------------------------------

Report RTL Partitions: 
+-+--------------+------------+----------+
| |RTL Partition |Replication |Instances |
+-+--------------+------------+----------+
+-+--------------+------------+----------+
---------------------------------------------------------------------------------
Start RTL Component Statistics 
---------------------------------------------------------------------------------
Detailed RTL Component Info : 
---------------------------------------------------------------------------------
Finished RTL Component Statistics 
---------------------------------------------------------------------------------
---------------------------------------------------------------------------------
Start RTL Hierarchical Component Statistics 
---------------------------------------------------------------------------------
Hierarchical RTL Component report 
---------------------------------------------------------------------------------
Finished RTL Hierarchical Component Statistics
---------------------------------------------------------------------------------
---------------------------------------------------------------------------------
Start Part Resource Summary
---------------------------------------------------------------------------------
Part Resources:
DSPs: 2520 (col length:168)
BRAMs: 1824 (col length: RAMB18 168 RAMB36 84)
---------------------------------------------------------------------------------
Finished Part Resource Summary
---------------------------------------------------------------------------------
---------------------------------------------------------------------------------
Start Cross Boundary and Area Optimization
---------------------------------------------------------------------------------
Warning: Parallel synthesis criteria is not met 
WARNING: [Synth 8-3331] design design_1_ps8_0_axi_periph_0 has unconnected port M00_ACLK
WARNING: [Synth 8-3331] design design_1_ps8_0_axi_periph_0 has unconnected port M00_ARESETN
WARNING: [Synth 8-3331] design design_1_ps8_0_axi_periph_0 has unconnected port S00_ACLK
WARNING: [Synth 8-3331] design design_1_ps8_0_axi_periph_0 has unconnected port S00_ARESETN
WARNING: [Synth 8-3331] design design_1_ps8_0_axi_periph_0 has unconnected port S01_ACLK
WARNING: [Synth 8-3331] design design_1_ps8_0_axi_periph_0 has unconnected port S01_ARESETN
---------------------------------------------------------------------------------
Finished Cross Boundary and Area Optimization : Time (s): cpu = 00:00:17 ; elapsed = 00:00:21 . Memory (MB): peak = 1544.480 ; gain = 1156.563
---------------------------------------------------------------------------------

Report RTL Partitions: 
+-+--------------+------------+----------+
| |RTL Partition |Replication |Instances |
+-+--------------+------------+----------+
+-+--------------+------------+----------+
---------------------------------------------------------------------------------
Start Applying XDC Timing Constraints
---------------------------------------------------------------------------------
INFO: [Synth 8-5578] Moved timing constraint from pin 'design_1_i/zynq_ultra_ps_e_0/pl_clk0' to pin 'design_1_i/zynq_ultra_ps_e_0/bbstub_pl_clk0/O'
INFO: [Synth 8-5819] Moved 1 constraints on hierarchical pins to their respective driving/loading pins
---------------------------------------------------------------------------------
Finished Applying XDC Timing Constraints : Time (s): cpu = 00:00:28 ; elapsed = 00:00:35 . Memory (MB): peak = 1943.656 ; gain = 1555.738
---------------------------------------------------------------------------------
---------------------------------------------------------------------------------
Start Timing Optimization
---------------------------------------------------------------------------------
---------------------------------------------------------------------------------
Finished Timing Optimization : Time (s): cpu = 00:00:28 ; elapsed = 00:00:35 . Memory (MB): peak = 1943.934 ; gain = 1556.016
---------------------------------------------------------------------------------

Report RTL Partitions: 
+-+--------------+------------+----------+
| |RTL Partition |Replication |Instances |
+-+--------------+------------+----------+
+-+--------------+------------+----------+
---------------------------------------------------------------------------------
Start Technology Mapping
---------------------------------------------------------------------------------
---------------------------------------------------------------------------------
Finished Technology Mapping : Time (s): cpu = 00:00:28 ; elapsed = 00:00:35 . Memory (MB): peak = 1955.059 ; gain = 1567.141
---------------------------------------------------------------------------------

Report RTL Partitions: 
+-+--------------+------------+----------+
| |RTL Partition |Replication |Instances |
+-+--------------+------------+----------+
+-+--------------+------------+----------+
---------------------------------------------------------------------------------
Start IO Insertion
---------------------------------------------------------------------------------
---------------------------------------------------------------------------------
Start Flattening Before IO Insertion
---------------------------------------------------------------------------------
---------------------------------------------------------------------------------
Finished Flattening Before IO Insertion
---------------------------------------------------------------------------------
---------------------------------------------------------------------------------
Start Final Netlist Cleanup
---------------------------------------------------------------------------------
---------------------------------------------------------------------------------
Finished Final Netlist Cleanup
---------------------------------------------------------------------------------
---------------------------------------------------------------------------------
Finished IO Insertion : Time (s): cpu = 00:00:30 ; elapsed = 00:00:37 . Memory (MB): peak = 1955.059 ; gain = 1567.141
---------------------------------------------------------------------------------

Report Check Netlist: 
+------+------------------+-------+---------+-------+------------------+
|      |Item              |Errors |Warnings |Status |Description       |
+------+------------------+-------+---------+-------+------------------+
|1     |multi_driven_nets |      0|        0|Passed |Multi driven nets |
+------+------------------+-------+---------+-------+------------------+
---------------------------------------------------------------------------------
Start Renaming Generated Instances
---------------------------------------------------------------------------------
---------------------------------------------------------------------------------
Finished Renaming Generated Instances : Time (s): cpu = 00:00:30 ; elapsed = 00:00:37 . Memory (MB): peak = 1955.059 ; gain = 1567.141
---------------------------------------------------------------------------------

Report RTL Partitions: 
+-+--------------+------------+----------+
| |RTL Partition |Replication |Instances |
+-+--------------+------------+----------+
+-+--------------+------------+----------+
---------------------------------------------------------------------------------
Start Rebuilding User Hierarchy
---------------------------------------------------------------------------------
---------------------------------------------------------------------------------
Finished Rebuilding User Hierarchy : Time (s): cpu = 00:00:30 ; elapsed = 00:00:37 . Memory (MB): peak = 1955.059 ; gain = 1567.141
---------------------------------------------------------------------------------
---------------------------------------------------------------------------------
Start Renaming Generated Ports
---------------------------------------------------------------------------------
---------------------------------------------------------------------------------
Finished Renaming Generated Ports : Time (s): cpu = 00:00:30 ; elapsed = 00:00:37 . Memory (MB): peak = 1955.059 ; gain = 1567.141
---------------------------------------------------------------------------------
---------------------------------------------------------------------------------
Start Handling Custom Attributes
---------------------------------------------------------------------------------
---------------------------------------------------------------------------------
Finished Handling Custom Attributes : Time (s): cpu = 00:00:30 ; elapsed = 00:00:37 . Memory (MB): peak = 1955.059 ; gain = 1567.141
---------------------------------------------------------------------------------
---------------------------------------------------------------------------------
Start Renaming Generated Nets
---------------------------------------------------------------------------------
---------------------------------------------------------------------------------
Finished Renaming Generated Nets : Time (s): cpu = 00:00:30 ; elapsed = 00:00:37 . Memory (MB): peak = 1955.059 ; gain = 1567.141
---------------------------------------------------------------------------------
---------------------------------------------------------------------------------
Start Writing Synthesis Report
---------------------------------------------------------------------------------

Report BlackBoxes: 
+------+-----------------------------+----------+
|      |BlackBox name                |Instances |
+------+-----------------------------+----------+
|1     |design_1_xbar_0              |         1|
|2     |design_1_auto_ds_0           |         1|
|3     |design_1_auto_pc_0           |         1|
|4     |design_1_auto_ds_1           |         1|
|5     |design_1_auto_pc_1           |         1|
|6     |design_1_multiply_2bit_0_0   |         1|
|7     |design_1_rst_ps8_0_99M_0     |         1|
|8     |design_1_zynq_ultra_ps_e_0_1 |         1|
+------+-----------------------------+----------+

Report Cell Usage: 
+------+------------------------------------+------+
|      |Cell                                |Count |
+------+------------------------------------+------+
|1     |design_1_auto_ds_0_bbox_1           |     1|
|2     |design_1_auto_ds_1_bbox_3           |     1|
|3     |design_1_auto_pc_0_bbox_2           |     1|
|4     |design_1_auto_pc_1_bbox_4           |     1|
|5     |design_1_multiply_2bit_0_0_bbox_0   |     1|
|6     |design_1_rst_ps8_0_99M_0_bbox_6     |     1|
|7     |design_1_xbar_0_bbox_5              |     1|
|8     |design_1_zynq_ultra_ps_e_0_1_bbox_7 |     1|
|9     |IBUF                                |     1|
+------+------------------------------------+------+

Report Instance Areas: 
+------+---------------------+----------------------------+------+
|      |Instance             |Module                      |Cells |
+------+---------------------+----------------------------+------+
|1     |top                  |                            |  1983|
|2     |  design_1_i         |design_1                    |  1982|
|3     |    ps8_0_axi_periph |design_1_ps8_0_axi_periph_0 |  1247|
|4     |      s00_couplers   |s00_couplers_imp_1A7ZMW4    |   519|
|5     |      s01_couplers   |s01_couplers_imp_KGUFR9     |   519|
+------+---------------------+----------------------------+------+
---------------------------------------------------------------------------------
Finished Writing Synthesis Report : Time (s): cpu = 00:00:30 ; elapsed = 00:00:37 . Memory (MB): peak = 1955.059 ; gain = 1567.141
---------------------------------------------------------------------------------
Synthesis finished with 0 errors, 0 critical warnings and 6 warnings.
Synthesis Optimization Runtime : Time (s): cpu = 00:00:17 ; elapsed = 00:00:25 . Memory (MB): peak = 1955.059 ; gain = 572.148
Synthesis Optimization Complete : Time (s): cpu = 00:00:30 ; elapsed = 00:00:37 . Memory (MB): peak = 1955.059 ; gain = 1567.141
INFO: [Project 1-571] Translating synthesized netlist
INFO: [Netlist 29-17] Analyzing 1 Unisim elements for replacement
INFO: [Netlist 29-28] Unisim Transformation completed in 0 CPU seconds
INFO: [Project 1-570] Preparing netlist for logic optimization
INFO: [Opt 31-138] Pushed 0 inverter(s) to 0 load pin(s).
Netlist sorting complete. Time (s): cpu = 00:00:00 ; elapsed = 00:00:00 . Memory (MB): peak = 1993.574 ; gain = 0.000
INFO: [Project 1-111] Unisim Transformation Summary:
  A total of 1 instances were transformed.
  IBUF => IBUF (IBUFCTRL, INBUF): 1 instances

INFO: [Common 17-83] Releasing license: Synthesis
46 Infos, 20 Warnings, 0 Critical Warnings and 0 Errors encountered.
synth_design completed successfully
synth_design: Time (s): cpu = 00:00:34 ; elapsed = 00:00:42 . Memory (MB): peak = 1993.574 ; gain = 1608.512
Netlist sorting complete. Time (s): cpu = 00:00:00 ; elapsed = 00:00:00 . Memory (MB): peak = 1993.574 ; gain = 0.000
WARNING: [Constraints 18-5210] No constraints selected for write.
Resolution: This message can indicate that there are no constraints for the design, or it can indicate that the used_in flags are set such that the constraints are ignored. This later case is used when running synth_design to not write synthesis constraints to the resulting checkpoint. Instead, project constraints are read when the synthesized design is opened.
INFO: [Common 17-1381] The checkpoint 'C:/Users/khazi/projects/AXI_Multiply/AXI_Multiply.runs/synth_1/design_1_wrapper.dcp' has been generated.
INFO: [runtcl-4] Executing : report_utilization -file design_1_wrapper_utilization_synth.rpt -pb design_1_wrapper_utilization_synth.pb
INFO: [Common 17-206] Exiting Vivado at Thu Aug  1 17:49:54 2019...
