Copyright 1986-2018 Xilinx, Inc. All Rights Reserved.
-----------------------------------------------------------------------------------------------------------------------------
| Tool Version : Vivado v.2018.3 (win64) Build 2405991 Thu Dec  6 23:38:27 MST 2018
| Date         : Thu Aug  1 17:52:57 2019
| Host         : ess-bajor running 64-bit major release  (build 9200)
| Command      : report_utilization -file design_1_wrapper_utilization_placed.rpt -pb design_1_wrapper_utilization_placed.pb
| Design       : design_1_wrapper
| Device       : xczu9egffvb1156-2
| Design State : Fully Placed
-----------------------------------------------------------------------------------------------------------------------------

Utilization Design Information

Table of Contents
-----------------
1. CLB Logic
1.1 Summary of Registers by Type
2. CLB Logic Distribution
3. BLOCKRAM
4. ARITHMETIC
5. I/O
6. CLOCK
7. ADVANCED
8. CONFIGURATION
9. Primitives
10. Black Boxes
11. Instantiated Netlists

1. CLB Logic
------------

+----------------------------+------+-------+-----------+-------+
|          Site Type         | Used | Fixed | Available | Util% |
+----------------------------+------+-------+-----------+-------+
| CLB LUTs                   | 2539 |     0 |    274080 |  0.93 |
|   LUT as Logic             | 2336 |     0 |    274080 |  0.85 |
|   LUT as Memory            |  203 |     0 |    144000 |  0.14 |
|     LUT as Distributed RAM |  112 |     0 |           |       |
|     LUT as Shift Register  |   91 |     0 |           |       |
| CLB Registers              | 2867 |     0 |    548160 |  0.52 |
|   Register as Flip Flop    | 2867 |     0 |    548160 |  0.52 |
|   Register as Latch        |    0 |     0 |    548160 |  0.00 |
| CARRY8                     |   16 |     0 |     34260 |  0.05 |
| F7 Muxes                   |    0 |     0 |    137040 |  0.00 |
| F8 Muxes                   |    0 |     0 |     68520 |  0.00 |
| F9 Muxes                   |    0 |     0 |     34260 |  0.00 |
+----------------------------+------+-------+-----------+-------+


1.1 Summary of Registers by Type
--------------------------------

+-------+--------------+-------------+--------------+
| Total | Clock Enable | Synchronous | Asynchronous |
+-------+--------------+-------------+--------------+
| 0     |            _ |           - |            - |
| 0     |            _ |           - |          Set |
| 0     |            _ |           - |        Reset |
| 0     |            _ |         Set |            - |
| 0     |            _ |       Reset |            - |
| 0     |          Yes |           - |            - |
| 66    |          Yes |           - |          Set |
| 138   |          Yes |           - |        Reset |
| 47    |          Yes |         Set |            - |
| 2616  |          Yes |       Reset |            - |
+-------+--------------+-------------+--------------+


2. CLB Logic Distribution
-------------------------

+--------------------------------------------+------+-------+-----------+-------+
|                  Site Type                 | Used | Fixed | Available | Util% |
+--------------------------------------------+------+-------+-----------+-------+
| CLB                                        |  680 |     0 |     34260 |  1.98 |
|   CLBL                                     |  313 |     0 |           |       |
|   CLBM                                     |  367 |     0 |           |       |
| LUT as Logic                               | 2336 |     0 |    274080 |  0.85 |
|   using O5 output only                     |   72 |       |           |       |
|   using O6 output only                     | 1785 |       |           |       |
|   using O5 and O6                          |  479 |       |           |       |
| LUT as Memory                              |  203 |     0 |    144000 |  0.14 |
|   LUT as Distributed RAM                   |  112 |     0 |           |       |
|     using O5 output only                   |    0 |       |           |       |
|     using O6 output only                   |    0 |       |           |       |
|     using O5 and O6                        |  112 |       |           |       |
|   LUT as Shift Register                    |   91 |     0 |           |       |
|     using O5 output only                   |    0 |       |           |       |
|     using O6 output only                   |   91 |       |           |       |
|     using O5 and O6                        |    0 |       |           |       |
| CLB Registers                              | 2867 |     0 |    548160 |  0.52 |
|   Register driven from within the CLB      | 1347 |       |           |       |
|   Register driven from outside the CLB     | 1520 |       |           |       |
|     LUT in front of the register is unused | 1013 |       |           |       |
|     LUT in front of the register is used   |  507 |       |           |       |
| Unique Control Sets                        |  156 |       |     68520 |  0.23 |
+--------------------------------------------+------+-------+-----------+-------+
* Note: Available Control Sets calculated as CLB Registers / 8, Review the Control Sets Report for more information regarding control sets.


3. BLOCKRAM
-----------

+----------------+------+-------+-----------+-------+
|    Site Type   | Used | Fixed | Available | Util% |
+----------------+------+-------+-----------+-------+
| Block RAM Tile |    0 |     0 |       912 |  0.00 |
|   RAMB36/FIFO* |    0 |     0 |       912 |  0.00 |
|   RAMB18       |    0 |     0 |      1824 |  0.00 |
+----------------+------+-------+-----------+-------+
* Note: Each Block RAM Tile only has one FIFO logic available and therefore can accommodate only one FIFO36E2 or one FIFO18E2. However, if a FIFO18E2 occupies a Block RAM Tile, that tile can still accommodate a RAMB18E2


4. ARITHMETIC
-------------

+-----------+------+-------+-----------+-------+
| Site Type | Used | Fixed | Available | Util% |
+-----------+------+-------+-----------+-------+
| DSPs      |    0 |     0 |      2520 |  0.00 |
+-----------+------+-------+-----------+-------+


5. I/O
------

+------------------+------+-------+-----------+-------+
|     Site Type    | Used | Fixed | Available | Util% |
+------------------+------+-------+-----------+-------+
| Bonded IOB       |    1 |     1 |       328 |  0.30 |
| HPIOB_M          |    0 |     0 |        96 |  0.00 |
| HPIOB_S          |    0 |     0 |        96 |  0.00 |
| HDIOB_M          |    0 |     0 |        60 |  0.00 |
| HDIOB_S          |    1 |     1 |        60 |  1.67 |
|   INPUT          |    1 |       |           |       |
|   OUTPUT         |    0 |       |           |       |
|   BIDIR          |    0 |       |           |       |
| HPIOB_SNGL       |    0 |     0 |        16 |  0.00 |
| HPIOBDIFFINBUF   |    0 |     0 |        96 |  0.00 |
| HPIOBDIFFOUTBUF  |    0 |     0 |        96 |  0.00 |
| HDIOBDIFFINBUF   |    0 |     0 |        60 |  0.00 |
| BITSLICE_CONTROL |    0 |     0 |        32 |  0.00 |
| BITSLICE_RX_TX   |    0 |     0 |       208 |  0.00 |
| BITSLICE_TX      |    0 |     0 |        32 |  0.00 |
| RIU_OR           |    0 |     0 |        16 |  0.00 |
+------------------+------+-------+-----------+-------+


6. CLOCK
--------

+----------------------+------+-------+-----------+-------+
|       Site Type      | Used | Fixed | Available | Util% |
+----------------------+------+-------+-----------+-------+
| GLOBAL CLOCK BUFFERs |    1 |     0 |       404 |  0.25 |
|   BUFGCE             |    0 |     0 |       116 |  0.00 |
|   BUFGCE_DIV         |    0 |     0 |        16 |  0.00 |
|   BUFG_GT            |    0 |     0 |       168 |  0.00 |
|   BUFG_PS            |    1 |     0 |        72 |  1.39 |
|   BUFGCTRL*          |    0 |     0 |        32 |  0.00 |
| PLL                  |    0 |     0 |         8 |  0.00 |
| MMCM                 |    0 |     0 |         4 |  0.00 |
+----------------------+------+-------+-----------+-------+
* Note: Each used BUFGCTRL counts as two global buffer resources. This table does not include global clocking resources, only buffer cell usage. See the Clock Utilization Report (report_clock_utilization) for detailed accounting of global clocking resource availability.


7. ADVANCED
-----------

+-----------------+------+-------+-----------+--------+
|    Site Type    | Used | Fixed | Available |  Util% |
+-----------------+------+-------+-----------+--------+
| GTHE4_CHANNEL   |    0 |     0 |        24 |   0.00 |
| GTHE4_COMMON    |    0 |     0 |         6 |   0.00 |
| OBUFDS_GTE4     |    0 |     0 |        12 |   0.00 |
| OBUFDS_GTE4_ADV |    0 |     0 |        12 |   0.00 |
| PS8             |    1 |     0 |         1 | 100.00 |
| SYSMONE4        |    0 |     0 |         1 |   0.00 |
+-----------------+------+-------+-----------+--------+


8. CONFIGURATION
----------------

+-------------+------+-------+-----------+-------+
|  Site Type  | Used | Fixed | Available | Util% |
+-------------+------+-------+-----------+-------+
| BSCANE2     |    0 |     0 |         4 |  0.00 |
| DNA_PORTE2  |    0 |     0 |         1 |  0.00 |
| EFUSE_USR   |    0 |     0 |         1 |  0.00 |
| FRAME_ECCE4 |    0 |     0 |         1 |  0.00 |
| ICAPE3      |    0 |     0 |         2 |  0.00 |
| MASTER_JTAG |    0 |     0 |         1 |  0.00 |
| STARTUPE3   |    0 |     0 |         1 |  0.00 |
+-------------+------+-------+-----------+-------+


9. Primitives
-------------

+----------+------+---------------------+
| Ref Name | Used | Functional Category |
+----------+------+---------------------+
| FDRE     | 2616 |            Register |
| LUT6     |  988 |                 CLB |
| LUT5     |  704 |                 CLB |
| LUT3     |  537 |                 CLB |
| LUT4     |  294 |                 CLB |
| LUT2     |  235 |                 CLB |
| RAMD32   |  196 |                 CLB |
| FDCE     |  138 |            Register |
| SRLC32E  |   70 |                 CLB |
| FDPE     |   66 |            Register |
| LUT1     |   57 |                 CLB |
| FDSE     |   47 |            Register |
| RAMS32   |   28 |                 CLB |
| SRL16E   |   21 |                 CLB |
| CARRY8   |   16 |                 CLB |
| PS8      |    1 |            Advanced |
| INBUF    |    1 |                 I/O |
| IBUFCTRL |    1 |              Others |
| BUFG_PS  |    1 |               Clock |
+----------+------+---------------------+


10. Black Boxes
---------------

+----------+------+
| Ref Name | Used |
+----------+------+


11. Instantiated Netlists
-------------------------

+------------------------------+------+
|           Ref Name           | Used |
+------------------------------+------+
| design_1_zynq_ultra_ps_e_0_1 |    1 |
| design_1_xbar_0              |    1 |
| design_1_rst_ps8_0_99M_0     |    1 |
| design_1_multiply_2bit_0_0   |    1 |
| design_1_auto_pc_1           |    1 |
| design_1_auto_pc_0           |    1 |
| design_1_auto_ds_1           |    1 |
| design_1_auto_ds_0           |    1 |
+------------------------------+------+


